# JRE version: OpenJDK Runtime Environment (11.0.12+7) (build 11.0.12+7-b1504.28-7817840)
# Java VM: OpenJDK 64-Bit Server VM (11.0.12+7-b1504.28-7817840, mixed mode, tiered, compressed oops, g1 gc, windows-amd64)
Heap:
 garbage-first heap   total 163840K, used 50866K [0x00000000c0000000, 0x0000000100000000)
  region size 1024K, 35 young (35840K), 1 survivors (1024K)
 Metaspace       used 24347K, capacity 24967K, committed 25088K, reserved 1071104K
  class space    used 3083K, capacity 3300K, committed 3328K, reserved 1048576K
GC Heap History (8 events):
Event: 0.997 GC heap before
{Heap before GC invocations=0 (full 0):
 garbage-first heap   total 163840K, used 30720K [0x00000000c0000000, 0x0000000100000000)
  region size 1024K, 24 young (24576K), 0 survivors (0K)
 Metaspace       used 10218K, capacity 10493K, committed 10624K, reserved 1058816K
  class space    used 1072K, capacity 1139K, committed 1152K, reserved 1048576K
}
Event: 1.003 GC heap after
{Heap after GC invocations=1 (full 0):
 garbage-first heap   total 163840K, used 9201K [0x00000000c0000000, 0x0000000100000000)
  region size 1024K, 3 young (3072K), 3 survivors (3072K)
 Metaspace       used 10218K, capacity 10493K, committed 10624K, reserved 1058816K
  class space    used 1072K, capacity 1139K, committed 1152K, reserved 1048576K
}
Event: 1.438 GC heap before
{Heap before GC invocations=1 (full 0):
 garbage-first heap   total 163840K, used 31729K [0x00000000c0000000, 0x0000000100000000)
  region size 1024K, 25 young (25600K), 3 survivors (3072K)
 Metaspace       used 11204K, capacity 11448K, committed 11520K, reserved 1058816K
  class space    used 1173K, capacity 1244K, committed 1280K, reserved 1048576K
}
Event: 1.443 GC heap after
{Heap after GC invocations=2 (full 0):
 garbage-first heap   total 163840K, used 9888K [0x00000000c0000000, 0x0000000100000000)
  region size 1024K, 1 young (1024K), 1 survivors (1024K)
 Metaspace       used 11204K, capacity 11448K, committed 11520K, reserved 1058816K
  class space    used 1173K, capacity 1244K, committed 1280K, reserved 1048576K
}
Event: 3.353 GC heap before
{Heap before GC invocations=2 (full 0):
 garbage-first heap   total 163840K, used 63136K [0x00000000c0000000, 0x0000000100000000)
  region size 1024K, 53 young (54272K), 1 survivors (1024K)
 Metaspace       used 18004K, capacity 18506K, committed 18688K, reserved 1064960K
  class space    used 2131K, capacity 2292K, committed 2304K, reserved 1048576K
}
Event: 3.360 GC heap after
{Heap after GC invocations=3 (full 0):
 garbage-first heap   total 163840K, used 16202K [0x00000000c0000000, 0x0000000100000000)
  region size 1024K, 7 young (7168K), 7 survivors (7168K)
 Metaspace       used 18004K, capacity 18506K, committed 18688K, reserved 1064960K
  class space    used 2131K, capacity 2292K, committed 2304K, reserved 1048576K
}
Event: 3.677 GC heap before
{Heap before GC invocations=3 (full 0):
 garbage-first heap   total 163840K, used 41802K [0x00000000c0000000, 0x0000000100000000)
  region size 1024K, 33 young (33792K), 7 survivors (7168K)
 Metaspace       used 20635K, capacity 21155K, committed 21248K, reserved 1067008K
  class space    used 2539K, capacity 2728K, committed 2816K, reserved 1048576K
}
Event: 3.685 GC heap after
{Heap after GC invocations=4 (full 0):
 garbage-first heap   total 163840K, used 17074K [0x00000000c0000000, 0x0000000100000000)
  region size 1024K, 1 young (1024K), 1 survivors (1024K)
 Metaspace       used 20635K, capacity 21155K, committed 21248K, reserved 1067008K
  class space    used 2539K, capacity 2728K, committed 2816K, reserved 1048576K
}

